{"type":"server-started","port":51217,"host":"127.0.0.1","url_host":"localhost","url":"http://localhost:51217","screen_dir":"C:\\Users\\Eitan Baron\\Desktop\\MockupGen\\.superpowers\\brainstorm\\admin-ui-1779874229866\\content","state_dir":"C:\\Users\\Eitan Baron\\Desktop\\MockupGen\\.superpowers\\brainstorm\\admin-ui-1779874229866\\state"}
{"type":"screen-added","file":"C:\\Users\\Eitan Baron\\Desktop\\MockupGen\\.superpowers\\brainstorm\\admin-ui-1779874229866\\content\\admin-dashboard-proposal.html"}
{"source":"user-event","type":"click","text":"A\n    \n      Approve this flow\n      Batch import, frame review, dynamic categories, then automatic API matching.","choice":"approve-admin-flow","id":null,"timestamp":1779875371035}
{"source":"user-event","type":"click","text":"A\n    \n      Approve this flow\n      Batch import, frame review, dynamic categories, then automatic API matching.","choice":"approve-admin-flow","id":null,"timestamp":1779875373603}
{"source":"user-event","type":"click","text":"B\n    \n      Revise the flow\n      Keep the architecture direction, but adjust the admin screen or workflow first.","choice":"revise-admin-flow","id":null,"timestamp":1779875387723}
{"source":"user-event","type":"click","text":"A\n    \n      Approve this flow\n      Batch import, frame review, dynamic categories, then automatic API matching.","choice":"approve-admin-flow","id":null,"timestamp":1779875388979}
{"source":"user-event","type":"click","text":"B\n    \n      Revise the flow\n      Keep the architecture direction, but adjust the admin screen or workflow first.","choice":"revise-admin-flow","id":null,"timestamp":1779875393923}
{"source":"user-event","type":"click","text":"B\n    \n      Revise the flow\n      Keep the architecture direction, but adjust the admin screen or workflow first.","choice":"revise-admin-flow","id":null,"timestamp":1779875402027}
{"source":"user-event","type":"click","text":"A\n    \n      Approve this flow\n      Batch import, frame review, dynamic categories, then automatic API matching.","choice":"approve-admin-flow","id":null,"timestamp":1779875402779}
{"type":"screen-added","file":"C:\\Users\\Eitan Baron\\Desktop\\MockupGen\\.superpowers\\brainstorm\\admin-ui-1779874229866\\content\\professional-admin-interactive-v2.html"}
{"type":"screen-added","file":"C:\\Users\\Eitan Baron\\Desktop\\MockupGen\\.superpowers\\brainstorm\\admin-ui-1779874229866\\content\\professional-admin-interactive-v3.html"}
{"type":"screen-added","file":"C:\\Users\\Eitan Baron\\Desktop\\MockupGen\\.superpowers\\brainstorm\\admin-ui-1779874229866\\content\\professional-admin-interactive-v4.html"}
{"type":"screen-added","file":"C:\\Users\\Eitan Baron\\Desktop\\MockupGen\\.superpowers\\brainstorm\\admin-ui-1779874229866\\content\\professional-admin-interactive-v5.html"}
{"type":"screen-added","file":"C:\\Users\\Eitan Baron\\Desktop\\MockupGen\\.superpowers\\brainstorm\\admin-ui-1779874229866\\content\\etsy-studio-mockup-admin-v6.html"}
{"type":"screen-added","file":"C:\\Users\\Eitan Baron\\Desktop\\MockupGen\\.superpowers\\brainstorm\\admin-ui-1779874229866\\content\\etsy-studio-mockup-admin-v7.html"}
{"type":"screen-updated","file":"C:\\Users\\Eitan Baron\\Desktop\\MockupGen\\.superpowers\\brainstorm\\admin-ui-1779874229866\\content\\admin-dashboard-proposal.html"}
{"type":"screen-added","file":"C:\\Users\\Eitan Baron\\Desktop\\MockupGen\\.superpowers\\brainstorm\\admin-ui-1779874229866\\content\\etsy-studio-mockup-admin-v8.html"}
{"type":"screen-updated","file":"C:\\Users\\Eitan Baron\\Desktop\\MockupGen\\.superpowers\\brainstorm\\admin-ui-1779874229866\\content\\etsy-studio-mockup-admin-v8.html"}
{"type":"screen-updated","file":"C:\\Users\\Eitan Baron\\Desktop\\MockupGen\\.superpowers\\brainstorm\\admin-ui-1779874229866\\content\\admin-dashboard-proposal.html"}
{"type":"screen-updated","file":"C:\\Users\\Eitan Baron\\Desktop\\MockupGen\\.superpowers\\brainstorm\\admin-ui-1779874229866\\content\\etsy-studio-mockup-admin-v8.html"}
{"type":"server-stopped","reason":"idle timeout"}
